{
  "stats": {
    "suites": 1,
    "tests": 13,
    "passes": 13,
    "pending": 0,
    "failures": 0,
    "start": "2021-04-28T19:53:11.056Z",
    "end": "2021-04-28T19:55:06.182Z",
    "duration": 115126,
    "testsRegistered": 13,
    "passPercent": 100,
    "pendingPercent": 0,
    "other": 0,
    "hasOther": false,
    "skipped": 0,
    "hasSkipped": false
  },
  "results": [
    {
      "uuid": "088b72c7-a6de-4c99-95be-7753634af988",
      "title": "",
      "fullFile": "cypress/integration/testsuite.spec.js",
      "file": "cypress/integration/testsuite.spec.js",
      "beforeHooks": [],
      "afterHooks": [],
      "tests": [],
      "suites": [
        {
          "uuid": "7812fca0-2ebe-44d8-8cf6-2f5cfaa2b20f",
          "title": "Testsuite with Page-Objet",
          "fullFile": "",
          "file": "",
          "beforeHooks": [],
          "afterHooks": [],
          "tests": [
            {
              "title": "Client registration (TC2)",
              "fullTitle": "Testsuite with Page-Objet Client registration (TC2)",
              "timedOut": null,
              "duration": 9179,
              "state": "passed",
              "speed": "slow",
              "pass": true,
              "fail": false,
              "pending": false,
              "context": null,
              "code": "indexPage.viewClients('Clients');\nclientsPage.viewClientNew('New Client');\nclientNewPage.createClient('Pina Colada', 'pinacolada@gmail.com', '0701233234', 'Clients');\ncy.wait(1000);\ncy.percySnapshot('New client');\ncy.wait(1000);\nclientsPage.verifyLastClient('Pina Colada', 'pinacolada@gmail.com', '0701233234');",
              "err": {},
              "uuid": "fae0dc14-e3c5-44c6-8721-cdcb210afd0b",
              "parentUUID": "7812fca0-2ebe-44d8-8cf6-2f5cfaa2b20f",
              "isHook": false,
              "skipped": false
            },
            {
              "title": "Edit the last Client (TC3)",
              "fullTitle": "Testsuite with Page-Objet Edit the last Client (TC3)",
              "timedOut": null,
              "duration": 7674,
              "state": "passed",
              "speed": "slow",
              "pass": true,
              "fail": false,
              "pending": false,
              "context": null,
              "code": "indexPage.viewClients('Clients');\nclientsPage.verifyEditLastClient('Client:');\nclientEditPage.editClient('pinacolada@yahoo.se', 'Clients');\nclientsPage.verifyLastClient('Pina Colada', 'pinacolada@yahoo.se', '0701233234');\ncy.wait(1000);\ncy.percySnapshot('Edit client');\ncy.wait(1000);",
              "err": {},
              "uuid": "ee300ed5-633e-4afa-87b0-d7ee078e181f",
              "parentUUID": "7812fca0-2ebe-44d8-8cf6-2f5cfaa2b20f",
              "isHook": false,
              "skipped": false
            },
            {
              "title": "Delete the last Client (TC4)",
              "fullTitle": "Testsuite with Page-Objet Delete the last Client (TC4)",
              "timedOut": null,
              "duration": 8117,
              "state": "passed",
              "speed": "slow",
              "pass": true,
              "fail": false,
              "pending": false,
              "context": null,
              "code": "indexPage.viewClients('Clients');\ncy.percySnapshot('Delete client');\ncy.wait(1000);\nclientsPage.deleteLastClient('Clients');\ncy.wait(1000);\ncy.percySnapshot('Delete client confermation');\ncy.wait(1000);",
              "err": {},
              "uuid": "7a272ad4-23af-4120-b4c4-2cb033ee6efd",
              "parentUUID": "7812fca0-2ebe-44d8-8cf6-2f5cfaa2b20f",
              "isHook": false,
              "skipped": false
            },
            {
              "title": "Create a bill (TC5)",
              "fullTitle": "Testsuite with Page-Objet Create a bill (TC5)",
              "timedOut": null,
              "duration": 7013,
              "state": "passed",
              "speed": "slow",
              "pass": true,
              "fail": false,
              "pending": false,
              "context": null,
              "code": "indexPage.viewBills('Bills');\nbillsPage.viewBillNew('New Bill');\nbillsNewPage.createBill('5000', 'Bills');\ncy.wait(1000);\ncy.percySnapshot('Creating a bill');\ncy.wait(1000);\nbillsPage.verifyLastBill('5000');",
              "err": {},
              "uuid": "b734dd92-33c2-4b98-8307-e401351a2e70",
              "parentUUID": "7812fca0-2ebe-44d8-8cf6-2f5cfaa2b20f",
              "isHook": false,
              "skipped": false
            },
            {
              "title": "Edit the last bill (TC6)",
              "fullTitle": "Testsuite with Page-Objet Edit the last bill (TC6)",
              "timedOut": null,
              "duration": 9716,
              "state": "passed",
              "speed": "slow",
              "pass": true,
              "fail": false,
              "pending": false,
              "context": null,
              "code": "indexPage.viewBills('Bills');\nbillsPage.verifyEditLastBill('Bill:');\ncy.wait(1000);\ncy.percySnapshot('Edit a bill');\ncy.wait(1000);\nbillsEditPage.editLastBill('4500', 'Bills');\ncy.wait(1000);\ncy.percySnapshot('Verify edit a bill');\ncy.wait(1000);\nbillsPage.verifyLastBill('4500');",
              "err": {},
              "uuid": "fa17948c-df73-4a3e-be19-1f42be4e25fa",
              "parentUUID": "7812fca0-2ebe-44d8-8cf6-2f5cfaa2b20f",
              "isHook": false,
              "skipped": false
            },
            {
              "title": "Delete the last bill (TC7)",
              "fullTitle": "Testsuite with Page-Objet Delete the last bill (TC7)",
              "timedOut": null,
              "duration": 9209,
              "state": "passed",
              "speed": "slow",
              "pass": true,
              "fail": false,
              "pending": false,
              "context": null,
              "code": "indexPage.viewBills('Bills');\ncy.wait(1000);\ncy.percySnapshot('Delete a bill');\ncy.wait(1000);\nbillsPage.deleteLastBill('Bills');\ncy.wait(1000);\ncy.percySnapshot('Verify delete a bill');\ncy.wait(1000);",
              "err": {},
              "uuid": "f4620490-09fa-4e4c-b50a-24f0ba9a846d",
              "parentUUID": "7812fca0-2ebe-44d8-8cf6-2f5cfaa2b20f",
              "isHook": false,
              "skipped": false
            },
            {
              "title": "Create a room (TC8)",
              "fullTitle": "Testsuite with Page-Objet Create a room (TC8)",
              "timedOut": null,
              "duration": 10383,
              "state": "passed",
              "speed": "slow",
              "pass": true,
              "fail": false,
              "pending": false,
              "context": null,
              "code": "indexPage.viewRooms('Rooms');\nroomsPage.viewRoomNew('New Room');\ncy.wait(1000);\ncy.percySnapshot('Create a room');\ncy.wait(1000);\nroomsNewPage.createRoom('Twin', '1101', '11', '4000', ['Balcony', 'Ensuite', 'Penthouse'], 'Rooms');\ncy.wait(1000);\ncy.percySnapshot('Verify create a room');\ncy.wait(1000);\nroomsPage.verifyLastRoom('twin', '1101', '11', '4000', 'balcony');",
              "err": {},
              "uuid": "7d384175-af5a-473b-9180-7b8ff88e235e",
              "parentUUID": "7812fca0-2ebe-44d8-8cf6-2f5cfaa2b20f",
              "isHook": false,
              "skipped": false
            },
            {
              "title": "Edit the last room (TC9)",
              "fullTitle": "Testsuite with Page-Objet Edit the last room (TC9)",
              "timedOut": null,
              "duration": 9833,
              "state": "passed",
              "speed": "slow",
              "pass": true,
              "fail": false,
              "pending": false,
              "context": null,
              "code": "indexPage.viewRooms('Rooms');\nroomsPage.verifyEditLastRoom('Room:');\nroomEditPage.editRoom('1230', '12', 'Rooms');\ncy.wait(1000);\ncy.percySnapshot('Edit a room');\ncy.wait(1000);\nroomsPage.verifyLastRoom('twin', '1230', '12', '4000', 'balcony');\ncy.wait(1000);\ncy.percySnapshot('Verify edit a room');\ncy.wait(1000);",
              "err": {},
              "uuid": "29fefbae-f182-4b64-9429-cceb2900a057",
              "parentUUID": "7812fca0-2ebe-44d8-8cf6-2f5cfaa2b20f",
              "isHook": false,
              "skipped": false
            },
            {
              "title": "Delete the last room (TC10)",
              "fullTitle": "Testsuite with Page-Objet Delete the last room (TC10)",
              "timedOut": null,
              "duration": 6535,
              "state": "passed",
              "speed": "slow",
              "pass": true,
              "fail": false,
              "pending": false,
              "context": null,
              "code": "indexPage.viewRooms('Rooms');\nroomsPage.deleteLastRoom('Rooms');\ncy.wait(1000);\ncy.percySnapshot('Delete a room');\ncy.wait(1000);",
              "err": {},
              "uuid": "10130c4f-39bc-40af-a258-d312bd10293e",
              "parentUUID": "7812fca0-2ebe-44d8-8cf6-2f5cfaa2b20f",
              "isHook": false,
              "skipped": false
            },
            {
              "title": "Client registration (TC2) with faker",
              "fullTitle": "Testsuite with Page-Objet Client registration (TC2) with faker",
              "timedOut": null,
              "duration": 8060,
              "state": "passed",
              "speed": "slow",
              "pass": true,
              "fail": false,
              "pending": false,
              "context": null,
              "code": "indexPage.viewClients('Clients');\nclientsPage.viewClientNew('New Client');\nclientNewPage.createClient(randomName, randomMail, randomPhone, 'Clients');\ncy.wait(1000);\ncy.percySnapshot('New client faker');\ncy.wait(1000);\nclientsPage.verifyLastClient(randomName, randomMail, randomPhone);",
              "err": {},
              "uuid": "00153c8b-474d-492e-afbc-2750191fa098",
              "parentUUID": "7812fca0-2ebe-44d8-8cf6-2f5cfaa2b20f",
              "isHook": false,
              "skipped": false
            },
            {
              "title": "Edit the last Client (TC3) with faker",
              "fullTitle": "Testsuite with Page-Objet Edit the last Client (TC3) with faker",
              "timedOut": null,
              "duration": 7349,
              "state": "passed",
              "speed": "slow",
              "pass": true,
              "fail": false,
              "pending": false,
              "context": null,
              "code": "indexPage.viewClients('Clients');\nclientsPage.verifyEditLastClient('Client:');\nclientEditPage.editClient(randomMail, 'Clients');\ncy.wait(1000);\ncy.percySnapshot('Edit client faker');\ncy.wait(1000);\nclientsPage.verifyLastClient(randomName, randomMail, randomPhone);",
              "err": {},
              "uuid": "87c5f2b8-ad69-41f4-93b7-f6347fe14c17",
              "parentUUID": "7812fca0-2ebe-44d8-8cf6-2f5cfaa2b20f",
              "isHook": false,
              "skipped": false
            },
            {
              "title": "Create a bill (TC5) with faker",
              "fullTitle": "Testsuite with Page-Objet Create a bill (TC5) with faker",
              "timedOut": null,
              "duration": 7064,
              "state": "passed",
              "speed": "slow",
              "pass": true,
              "fail": false,
              "pending": false,
              "context": null,
              "code": "indexPage.viewBills('Bills');\nbillsPage.viewBillNew('New Bill');\nbillsNewPage.createBill(randomValue, 'Bills');\ncy.wait(1000);\ncy.percySnapshot('Creating a bill with faker');\ncy.wait(1000);\nbillsPage.verifyLastBill(randomValue);",
              "err": {},
              "uuid": "faf80452-0036-4949-b99e-e7966e298104",
              "parentUUID": "7812fca0-2ebe-44d8-8cf6-2f5cfaa2b20f",
              "isHook": false,
              "skipped": false
            },
            {
              "title": "Edit the last bill (TC6) with faker",
              "fullTitle": "Testsuite with Page-Objet Edit the last bill (TC6) with faker",
              "timedOut": null,
              "duration": 7227,
              "state": "passed",
              "speed": "slow",
              "pass": true,
              "fail": false,
              "pending": false,
              "context": null,
              "code": "indexPage.viewBills('Bills');\nbillsPage.verifyEditLastBill('Bill:');\nbillsEditPage.editLastBill(randomValue, 'Bills');\ncy.wait(1000);\ncy.percySnapshot('Edit a bill with faker');\ncy.wait(1000);\nbillsPage.verifyLastBill(randomValue);",
              "err": {},
              "uuid": "64d9eb51-3d2b-47ee-8553-c7350ce1187f",
              "parentUUID": "7812fca0-2ebe-44d8-8cf6-2f5cfaa2b20f",
              "isHook": false,
              "skipped": false
            }
          ],
          "suites": [],
          "passes": [
            "fae0dc14-e3c5-44c6-8721-cdcb210afd0b",
            "ee300ed5-633e-4afa-87b0-d7ee078e181f",
            "7a272ad4-23af-4120-b4c4-2cb033ee6efd",
            "b734dd92-33c2-4b98-8307-e401351a2e70",
            "fa17948c-df73-4a3e-be19-1f42be4e25fa",
            "f4620490-09fa-4e4c-b50a-24f0ba9a846d",
            "7d384175-af5a-473b-9180-7b8ff88e235e",
            "29fefbae-f182-4b64-9429-cceb2900a057",
            "10130c4f-39bc-40af-a258-d312bd10293e",
            "00153c8b-474d-492e-afbc-2750191fa098",
            "87c5f2b8-ad69-41f4-93b7-f6347fe14c17",
            "faf80452-0036-4949-b99e-e7966e298104",
            "64d9eb51-3d2b-47ee-8553-c7350ce1187f"
          ],
          "failures": [],
          "pending": [],
          "skipped": [],
          "duration": 107359,
          "root": false,
          "rootEmpty": false,
          "_timeout": 2000
        }
      ],
      "passes": [],
      "failures": [],
      "pending": [],
      "skipped": [],
      "duration": 0,
      "root": true,
      "rootEmpty": true,
      "_timeout": 2000
    }
  ],
  "meta": {
    "mocha": {
      "version": "7.0.1"
    },
    "mochawesome": {
      "options": {
        "quiet": false,
        "reportFilename": "mochawesome",
        "saveHtml": true,
        "saveJson": true,
        "consoleReporter": "spec",
        "useInlineDiffs": false,
        "code": true
      },
      "version": "6.2.2"
    },
    "marge": {
      "options": {
        "reportDir": "cypress/report/m-report",
        "overwrite": false,
        "html": true,
        "json": true,
        "timestamp": "yyyy/mm/dd_HHMMss"
      },
      "version": "5.2.0"
    }
  }
}