{
  "stats": {
    "suites": 1,
    "tests": 4,
    "passes": 4,
    "pending": 0,
    "failures": 0,
    "start": "2021-04-28T19:11:43.420Z",
    "end": "2021-04-28T19:12:16.321Z",
    "duration": 32901,
    "testsRegistered": 4,
    "passPercent": 100,
    "pendingPercent": 0,
    "other": 0,
    "hasOther": false,
    "skipped": 0,
    "hasSkipped": false
  },
  "results": [
    {
      "uuid": "1b215c34-f8c9-4141-ab89-a4eb40fe4cbf",
      "title": "",
      "fullFile": "cypress/integration/testsuite.spec.js",
      "file": "cypress/integration/testsuite.spec.js",
      "beforeHooks": [],
      "afterHooks": [],
      "tests": [],
      "suites": [
        {
          "uuid": "6406409e-1747-4c76-9773-53e59404aeb5",
          "title": "Testsuite with Page-Objet",
          "fullFile": "",
          "file": "",
          "beforeHooks": [],
          "afterHooks": [],
          "tests": [
            {
              "title": "Client registration (TC2)",
              "fullTitle": "Testsuite with Page-Objet Client registration (TC2)",
              "timedOut": null,
              "duration": 8957,
              "state": "passed",
              "speed": "slow",
              "pass": true,
              "fail": false,
              "pending": false,
              "context": null,
              "code": "indexPage.viewClients('Clients');\nclientsPage.viewClientNew('New Client');\ncy.wait(1000);\nclientNewPage.createClient('Pina Colada', 'pinacolada@gmail.com', '0701233234', 'Clients');\ncy.percySnapshot('New client');\ncy.wait(1000);\nclientsPage.verifyLastClient('Pina Colada', 'pinacolada@gmail.com', '0701233234');",
              "err": {},
              "uuid": "58d89d44-7995-4198-a481-aac5299629dc",
              "parentUUID": "6406409e-1747-4c76-9773-53e59404aeb5",
              "isHook": false,
              "skipped": false
            },
            {
              "title": "Edit the last Client (TC3)",
              "fullTitle": "Testsuite with Page-Objet Edit the last Client (TC3)",
              "timedOut": null,
              "duration": 6423,
              "state": "passed",
              "speed": "slow",
              "pass": true,
              "fail": false,
              "pending": false,
              "context": null,
              "code": "indexPage.viewClients('Clients');\nclientsPage.verifyEditLastClient('Client:');\nclientEditPage.editClient('pinacolada@yahoo.se', 'Clients');\nclientsPage.verifyLastClient('Pina Colada', 'pinacolada@yahoo.se', '0701233234');\ncy.percySnapshot('Edit client');\ncy.wait(1000);",
              "err": {},
              "uuid": "a66783ca-b7f9-4236-aa71-525755750987",
              "parentUUID": "6406409e-1747-4c76-9773-53e59404aeb5",
              "isHook": false,
              "skipped": false
            },
            {
              "title": "Delete the last Client (TC4)",
              "fullTitle": "Testsuite with Page-Objet Delete the last Client (TC4)",
              "timedOut": null,
              "duration": 7497,
              "state": "passed",
              "speed": "slow",
              "pass": true,
              "fail": false,
              "pending": false,
              "context": null,
              "code": "indexPage.viewClients('Clients');\ncy.percySnapshot('Delete client');\ncy.wait(1000);\nclientsPage.deleteLastClient('Clients');\ncy.percySnapshot('Delete client confermation');\ncy.wait(1000);",
              "err": {},
              "uuid": "a4350c77-19d6-491e-9f02-436a038b74c2",
              "parentUUID": "6406409e-1747-4c76-9773-53e59404aeb5",
              "isHook": false,
              "skipped": false
            },
            {
              "title": "Create a bill (TC5)",
              "fullTitle": "Testsuite with Page-Objet Create a bill (TC5)",
              "timedOut": null,
              "duration": 7597,
              "state": "passed",
              "speed": "slow",
              "pass": true,
              "fail": false,
              "pending": false,
              "context": null,
              "code": "indexPage.viewBills('Bills');\ncy.percySnapshot('Creating a bill');\ncy.wait(1000);\nbillsPage.viewBillNew('New Bill');\nbillsNewPage.createBill('5000', 'Bills');\ncy.percySnapshot('Creating a bill');\ncy.wait(1000);\nbillsPage.verifyLastBill('5000');",
              "err": {},
              "uuid": "55c29c4c-7a83-421e-8f05-65cbb2410326",
              "parentUUID": "6406409e-1747-4c76-9773-53e59404aeb5",
              "isHook": false,
              "skipped": false
            }
          ],
          "suites": [],
          "passes": [
            "58d89d44-7995-4198-a481-aac5299629dc",
            "a66783ca-b7f9-4236-aa71-525755750987",
            "a4350c77-19d6-491e-9f02-436a038b74c2",
            "55c29c4c-7a83-421e-8f05-65cbb2410326"
          ],
          "failures": [],
          "pending": [],
          "skipped": [],
          "duration": 30474,
          "root": false,
          "rootEmpty": false,
          "_timeout": 2000
        }
      ],
      "passes": [],
      "failures": [],
      "pending": [],
      "skipped": [],
      "duration": 0,
      "root": true,
      "rootEmpty": true,
      "_timeout": 2000
    }
  ],
  "meta": {
    "mocha": {
      "version": "7.0.1"
    },
    "mochawesome": {
      "options": {
        "quiet": false,
        "reportFilename": "mochawesome",
        "saveHtml": true,
        "saveJson": true,
        "consoleReporter": "spec",
        "useInlineDiffs": false,
        "code": true
      },
      "version": "6.2.2"
    },
    "marge": {
      "options": {
        "reportDir": "cypress/report/m-report",
        "overwrite": false,
        "html": true,
        "json": true,
        "timestamp": "yyyy/mm/dd_HHMMss"
      },
      "version": "5.2.0"
    }
  }
}