{
  "stats": {
    "suites": 1,
    "tests": 13,
    "passes": 13,
    "pending": 0,
    "failures": 0,
    "start": "2021-04-28T17:29:58.013Z",
    "end": "2021-04-28T17:30:34.421Z",
    "duration": 36408,
    "testsRegistered": 13,
    "passPercent": 100,
    "pendingPercent": 0,
    "other": 0,
    "hasOther": false,
    "skipped": 0,
    "hasSkipped": false
  },
  "results": [
    {
      "uuid": "ff1c691b-529f-48c2-b448-3af4f0279526",
      "title": "",
      "fullFile": "cypress/integration/testsuite.spec.js",
      "file": "cypress/integration/testsuite.spec.js",
      "beforeHooks": [],
      "afterHooks": [],
      "tests": [],
      "suites": [
        {
          "uuid": "ec616e8e-9b12-4be3-a8ac-fc8e98d15d67",
          "title": "Testsuite with Page-Objet",
          "fullFile": "",
          "file": "",
          "beforeHooks": [],
          "afterHooks": [],
          "tests": [
            {
              "title": "Client registration (TC2)",
              "fullTitle": "Testsuite with Page-Objet Client registration (TC2)",
              "timedOut": null,
              "duration": 3457,
              "state": "passed",
              "speed": "slow",
              "pass": true,
              "fail": false,
              "pending": false,
              "context": null,
              "code": "indexPage.viewClients('Clients');\nclientsPage.viewClientNew('New Client');\nclientNewPage.createClient('Pina Colada', 'pinacolada@gmail.com', '0701233234', 'Clients');\nclientsPage.verifyLastClient('Pina Colada', 'pinacolada@gmail.com', '0701233234');",
              "err": {},
              "uuid": "809b985b-9211-48fa-a08e-b44d711e3fc1",
              "parentUUID": "ec616e8e-9b12-4be3-a8ac-fc8e98d15d67",
              "isHook": false,
              "skipped": false
            },
            {
              "title": "Edit the last Client (TC3)",
              "fullTitle": "Testsuite with Page-Objet Edit the last Client (TC3)",
              "timedOut": null,
              "duration": 2813,
              "state": "passed",
              "speed": "slow",
              "pass": true,
              "fail": false,
              "pending": false,
              "context": null,
              "code": "indexPage.viewClients('Clients');\nclientsPage.verifyEditLastClient('Client:');\nclientEditPage.editClient('pinacolada@yahoo.se', 'Clients');\nclientsPage.verifyLastClient('Pina Colada', 'pinacolada@yahoo.se', '0701233234');",
              "err": {},
              "uuid": "9d73a8a8-ead5-4d1a-bc84-747622e9da6d",
              "parentUUID": "ec616e8e-9b12-4be3-a8ac-fc8e98d15d67",
              "isHook": false,
              "skipped": false
            },
            {
              "title": "Delete the last Client (TC4)",
              "fullTitle": "Testsuite with Page-Objet Delete the last Client (TC4)",
              "timedOut": null,
              "duration": 2197,
              "state": "passed",
              "speed": "slow",
              "pass": true,
              "fail": false,
              "pending": false,
              "context": null,
              "code": "indexPage.viewClients('Clients');\nclientsPage.deleteLastClient('Clients');",
              "err": {},
              "uuid": "ee13d29d-cbd6-4e8d-ac0b-42d7289eae52",
              "parentUUID": "ec616e8e-9b12-4be3-a8ac-fc8e98d15d67",
              "isHook": false,
              "skipped": false
            },
            {
              "title": "Create a bill (TC5)",
              "fullTitle": "Testsuite with Page-Objet Create a bill (TC5)",
              "timedOut": null,
              "duration": 2456,
              "state": "passed",
              "speed": "slow",
              "pass": true,
              "fail": false,
              "pending": false,
              "context": null,
              "code": "indexPage.viewBills('Bills');\nbillsPage.viewBillNew('New Bill');\nbillsNewPage.createBill('5000', 'Bills');\nbillsPage.verifyLastBill('5000');",
              "err": {},
              "uuid": "df9731ed-9439-4fee-b9f1-952e8defd7d1",
              "parentUUID": "ec616e8e-9b12-4be3-a8ac-fc8e98d15d67",
              "isHook": false,
              "skipped": false
            },
            {
              "title": "Edit the last bill (TC6)",
              "fullTitle": "Testsuite with Page-Objet Edit the last bill (TC6)",
              "timedOut": null,
              "duration": 2648,
              "state": "passed",
              "speed": "slow",
              "pass": true,
              "fail": false,
              "pending": false,
              "context": null,
              "code": "indexPage.viewBills('Bills');\nbillsPage.verifyEditLastBill('Bill:');\nbillsEditPage.editLastBill('4500', 'Bills');\nbillsPage.verifyLastBill('4500');",
              "err": {},
              "uuid": "4e518acc-6627-47e7-a8df-0f6a65332dbd",
              "parentUUID": "ec616e8e-9b12-4be3-a8ac-fc8e98d15d67",
              "isHook": false,
              "skipped": false
            },
            {
              "title": "Delete the last bill (TC7)",
              "fullTitle": "Testsuite with Page-Objet Delete the last bill (TC7)",
              "timedOut": null,
              "duration": 2194,
              "state": "passed",
              "speed": "slow",
              "pass": true,
              "fail": false,
              "pending": false,
              "context": null,
              "code": "indexPage.viewBills('Bills');\nbillsPage.deleteLastBill('Bills');",
              "err": {},
              "uuid": "bdb574e8-cbb2-485e-9777-e55b8395a1fd",
              "parentUUID": "ec616e8e-9b12-4be3-a8ac-fc8e98d15d67",
              "isHook": false,
              "skipped": false
            },
            {
              "title": "Create a room (TC8)",
              "fullTitle": "Testsuite with Page-Objet Create a room (TC8)",
              "timedOut": null,
              "duration": 3181,
              "state": "passed",
              "speed": "slow",
              "pass": true,
              "fail": false,
              "pending": false,
              "context": null,
              "code": "indexPage.viewRooms('Rooms');\nroomsPage.viewRoomNew('New Room');\nroomsNewPage.createRoom('Twin', '1101', '11', '4000', ['Balcony', 'Ensuite', 'Penthouse'], 'Rooms');\nroomsPage.verifyLastRoom('twin', '1101', '11', '4000', 'balcony');",
              "err": {},
              "uuid": "575b71f5-82bb-45e6-b2bf-04cd4770f4db",
              "parentUUID": "ec616e8e-9b12-4be3-a8ac-fc8e98d15d67",
              "isHook": false,
              "skipped": false
            },
            {
              "title": "Edit the last room (TC9)",
              "fullTitle": "Testsuite with Page-Objet Edit the last room (TC9)",
              "timedOut": null,
              "duration": 2800,
              "state": "passed",
              "speed": "slow",
              "pass": true,
              "fail": false,
              "pending": false,
              "context": null,
              "code": "indexPage.viewRooms('Rooms');\nroomsPage.verifyEditLastRoom('Room:');\nroomEditPage.editRoom('1230', '12', 'Rooms');\nroomsPage.verifyLastRoom('twin', '1230', '12', '4000', 'balcony');",
              "err": {},
              "uuid": "b1b0b86f-0fc4-4170-afde-f4ad1696eb3d",
              "parentUUID": "ec616e8e-9b12-4be3-a8ac-fc8e98d15d67",
              "isHook": false,
              "skipped": false
            },
            {
              "title": "Delete the last room (TC10)",
              "fullTitle": "Testsuite with Page-Objet Delete the last room (TC10)",
              "timedOut": null,
              "duration": 2175,
              "state": "passed",
              "speed": "slow",
              "pass": true,
              "fail": false,
              "pending": false,
              "context": null,
              "code": "indexPage.viewRooms('Rooms');\nroomsPage.deleteLastRoom('Rooms');",
              "err": {},
              "uuid": "cdd8636b-ae4b-426e-aa42-fd31aa4a9eb8",
              "parentUUID": "ec616e8e-9b12-4be3-a8ac-fc8e98d15d67",
              "isHook": false,
              "skipped": false
            },
            {
              "title": "Client registration (TC2) with faker",
              "fullTitle": "Testsuite with Page-Objet Client registration (TC2) with faker",
              "timedOut": null,
              "duration": 3281,
              "state": "passed",
              "speed": "slow",
              "pass": true,
              "fail": false,
              "pending": false,
              "context": null,
              "code": "indexPage.viewClients('Clients');\nclientsPage.viewClientNew('New Client');\nclientNewPage.createClient(randomName, randomMail, randomPhone, 'Clients');\nclientsPage.verifyLastClient(randomName, randomMail, randomPhone);",
              "err": {},
              "uuid": "ac57ab47-1c62-4f2f-9df7-0a655663ff9a",
              "parentUUID": "ec616e8e-9b12-4be3-a8ac-fc8e98d15d67",
              "isHook": false,
              "skipped": false
            },
            {
              "title": "Edit the last Client (TC3) with faker",
              "fullTitle": "Testsuite with Page-Objet Edit the last Client (TC3) with faker",
              "timedOut": null,
              "duration": 2812,
              "state": "passed",
              "speed": "slow",
              "pass": true,
              "fail": false,
              "pending": false,
              "context": null,
              "code": "indexPage.viewClients('Clients');\nclientsPage.verifyEditLastClient('Client:');\nclientEditPage.editClient(randomMail, 'Clients');\nclientsPage.verifyLastClient(randomName, randomMail, randomPhone);",
              "err": {},
              "uuid": "4521f16b-6fad-45da-989f-0b1ab13279da",
              "parentUUID": "ec616e8e-9b12-4be3-a8ac-fc8e98d15d67",
              "isHook": false,
              "skipped": false
            },
            {
              "title": "Create a bill (TC5) with faker",
              "fullTitle": "Testsuite with Page-Objet Create a bill (TC5) with faker",
              "timedOut": null,
              "duration": 2450,
              "state": "passed",
              "speed": "slow",
              "pass": true,
              "fail": false,
              "pending": false,
              "context": null,
              "code": "indexPage.viewBills('Bills');\nbillsPage.viewBillNew('New Bill');\nbillsNewPage.createBill(randomValue, 'Bills');\nbillsPage.verifyLastBill(randomValue);",
              "err": {},
              "uuid": "babe28b9-c39f-4257-8fc1-06c33f241616",
              "parentUUID": "ec616e8e-9b12-4be3-a8ac-fc8e98d15d67",
              "isHook": false,
              "skipped": false
            },
            {
              "title": "Edit the last bill (TC6) with faker",
              "fullTitle": "Testsuite with Page-Objet Edit the last bill (TC6) with faker",
              "timedOut": null,
              "duration": 2698,
              "state": "passed",
              "speed": "slow",
              "pass": true,
              "fail": false,
              "pending": false,
              "context": null,
              "code": "indexPage.viewBills('Bills');\nbillsPage.verifyEditLastBill('Bill:');\nbillsEditPage.editLastBill(randomValue, 'Bills');\nbillsPage.verifyLastBill(randomValue);",
              "err": {},
              "uuid": "4286eedd-39bb-490e-9ae4-ebd861f2324c",
              "parentUUID": "ec616e8e-9b12-4be3-a8ac-fc8e98d15d67",
              "isHook": false,
              "skipped": false
            }
          ],
          "suites": [],
          "passes": [
            "809b985b-9211-48fa-a08e-b44d711e3fc1",
            "9d73a8a8-ead5-4d1a-bc84-747622e9da6d",
            "ee13d29d-cbd6-4e8d-ac0b-42d7289eae52",
            "df9731ed-9439-4fee-b9f1-952e8defd7d1",
            "4e518acc-6627-47e7-a8df-0f6a65332dbd",
            "bdb574e8-cbb2-485e-9777-e55b8395a1fd",
            "575b71f5-82bb-45e6-b2bf-04cd4770f4db",
            "b1b0b86f-0fc4-4170-afde-f4ad1696eb3d",
            "cdd8636b-ae4b-426e-aa42-fd31aa4a9eb8",
            "ac57ab47-1c62-4f2f-9df7-0a655663ff9a",
            "4521f16b-6fad-45da-989f-0b1ab13279da",
            "babe28b9-c39f-4257-8fc1-06c33f241616",
            "4286eedd-39bb-490e-9ae4-ebd861f2324c"
          ],
          "failures": [],
          "pending": [],
          "skipped": [],
          "duration": 35162,
          "root": false,
          "rootEmpty": false,
          "_timeout": 2000
        }
      ],
      "passes": [],
      "failures": [],
      "pending": [],
      "skipped": [],
      "duration": 0,
      "root": true,
      "rootEmpty": true,
      "_timeout": 2000
    }
  ],
  "meta": {
    "mocha": {
      "version": "7.0.1"
    },
    "mochawesome": {
      "options": {
        "quiet": false,
        "reportFilename": "mochawesome",
        "saveHtml": true,
        "saveJson": true,
        "consoleReporter": "spec",
        "useInlineDiffs": false,
        "code": true
      },
      "version": "6.2.2"
    },
    "marge": {
      "options": {
        "reportDir": "cypress/report/m-report",
        "overwrite": false,
        "html": true,
        "json": true,
        "timestamp": "yyyy/mm/dd_HHMMss"
      },
      "version": "5.2.0"
    }
  }
}