{
  "stats": {
    "suites": 1,
    "tests": 13,
    "passes": 13,
    "pending": 0,
    "failures": 0,
    "start": "2021-04-28T17:33:29.130Z",
    "end": "2021-04-28T17:34:06.001Z",
    "duration": 36871,
    "testsRegistered": 13,
    "passPercent": 100,
    "pendingPercent": 0,
    "other": 0,
    "hasOther": false,
    "skipped": 0,
    "hasSkipped": false
  },
  "results": [
    {
      "uuid": "90fae12e-444c-45b4-bfa5-a22008491ef3",
      "title": "",
      "fullFile": "cypress/integration/testsuite.spec.js",
      "file": "cypress/integration/testsuite.spec.js",
      "beforeHooks": [],
      "afterHooks": [],
      "tests": [],
      "suites": [
        {
          "uuid": "c1b36cf2-c62d-4d48-ae4e-80df73f3e990",
          "title": "Testsuite with Page-Objet",
          "fullFile": "",
          "file": "",
          "beforeHooks": [],
          "afterHooks": [],
          "tests": [
            {
              "title": "Client registration (TC2)",
              "fullTitle": "Testsuite with Page-Objet Client registration (TC2)",
              "timedOut": null,
              "duration": 3358,
              "state": "passed",
              "speed": "slow",
              "pass": true,
              "fail": false,
              "pending": false,
              "context": null,
              "code": "indexPage.viewClients('Clients');\nclientsPage.viewClientNew('New Client');\nclientNewPage.createClient('Pina Colada', 'pinacolada@gmail.com', '0701233234', 'Clients');\nclientsPage.verifyLastClient('Pina Colada', 'pinacolada@gmail.com', '0701233234');",
              "err": {},
              "uuid": "cc8dd587-9b37-4690-8f00-05ae90221331",
              "parentUUID": "c1b36cf2-c62d-4d48-ae4e-80df73f3e990",
              "isHook": false,
              "skipped": false
            },
            {
              "title": "Edit the last Client (TC3)",
              "fullTitle": "Testsuite with Page-Objet Edit the last Client (TC3)",
              "timedOut": null,
              "duration": 2810,
              "state": "passed",
              "speed": "slow",
              "pass": true,
              "fail": false,
              "pending": false,
              "context": null,
              "code": "indexPage.viewClients('Clients');\nclientsPage.verifyEditLastClient('Client:');\nclientEditPage.editClient('pinacolada@yahoo.se', 'Clients');\nclientsPage.verifyLastClient('Pina Colada', 'pinacolada@yahoo.se', '0701233234');",
              "err": {},
              "uuid": "4702875d-6975-4720-9cea-25bd0f256d20",
              "parentUUID": "c1b36cf2-c62d-4d48-ae4e-80df73f3e990",
              "isHook": false,
              "skipped": false
            },
            {
              "title": "Delete the last Client (TC4)",
              "fullTitle": "Testsuite with Page-Objet Delete the last Client (TC4)",
              "timedOut": null,
              "duration": 2197,
              "state": "passed",
              "speed": "slow",
              "pass": true,
              "fail": false,
              "pending": false,
              "context": null,
              "code": "indexPage.viewClients('Clients');\nclientsPage.deleteLastClient('Clients');",
              "err": {},
              "uuid": "0dac02c5-cbc6-4fb4-a9f8-965392a32f91",
              "parentUUID": "c1b36cf2-c62d-4d48-ae4e-80df73f3e990",
              "isHook": false,
              "skipped": false
            },
            {
              "title": "Create a bill (TC5)",
              "fullTitle": "Testsuite with Page-Objet Create a bill (TC5)",
              "timedOut": null,
              "duration": 2466,
              "state": "passed",
              "speed": "slow",
              "pass": true,
              "fail": false,
              "pending": false,
              "context": null,
              "code": "indexPage.viewBills('Bills');\nbillsPage.viewBillNew('New Bill');\nbillsNewPage.createBill('5000', 'Bills');\nbillsPage.verifyLastBill('5000');",
              "err": {},
              "uuid": "8a9438cd-0415-4e93-b9c8-925dc8dfe42c",
              "parentUUID": "c1b36cf2-c62d-4d48-ae4e-80df73f3e990",
              "isHook": false,
              "skipped": false
            },
            {
              "title": "Edit the last bill (TC6)",
              "fullTitle": "Testsuite with Page-Objet Edit the last bill (TC6)",
              "timedOut": null,
              "duration": 2619,
              "state": "passed",
              "speed": "slow",
              "pass": true,
              "fail": false,
              "pending": false,
              "context": null,
              "code": "indexPage.viewBills('Bills');\nbillsPage.verifyEditLastBill('Bill:');\nbillsEditPage.editLastBill('4500', 'Bills');\nbillsPage.verifyLastBill('4500');",
              "err": {},
              "uuid": "5c2e0f61-945a-4444-a5f4-4ec81624a749",
              "parentUUID": "c1b36cf2-c62d-4d48-ae4e-80df73f3e990",
              "isHook": false,
              "skipped": false
            },
            {
              "title": "Delete the last bill (TC7)",
              "fullTitle": "Testsuite with Page-Objet Delete the last bill (TC7)",
              "timedOut": null,
              "duration": 2236,
              "state": "passed",
              "speed": "slow",
              "pass": true,
              "fail": false,
              "pending": false,
              "context": null,
              "code": "indexPage.viewBills('Bills');\nbillsPage.deleteLastBill('Bills');",
              "err": {},
              "uuid": "939aacff-28eb-4079-ad6b-5063625990eb",
              "parentUUID": "c1b36cf2-c62d-4d48-ae4e-80df73f3e990",
              "isHook": false,
              "skipped": false
            },
            {
              "title": "Create a room (TC8)",
              "fullTitle": "Testsuite with Page-Objet Create a room (TC8)",
              "timedOut": null,
              "duration": 3245,
              "state": "passed",
              "speed": "slow",
              "pass": true,
              "fail": false,
              "pending": false,
              "context": null,
              "code": "indexPage.viewRooms('Rooms');\nroomsPage.viewRoomNew('New Room');\nroomsNewPage.createRoom('Twin', '1101', '11', '4000', ['Balcony', 'Ensuite', 'Penthouse'], 'Rooms');\nroomsPage.verifyLastRoom('twin', '1101', '11', '4000', 'balcony');",
              "err": {},
              "uuid": "8a32e929-fbf1-4bf1-a8b8-a23cb7b17594",
              "parentUUID": "c1b36cf2-c62d-4d48-ae4e-80df73f3e990",
              "isHook": false,
              "skipped": false
            },
            {
              "title": "Edit the last room (TC9)",
              "fullTitle": "Testsuite with Page-Objet Edit the last room (TC9)",
              "timedOut": null,
              "duration": 2865,
              "state": "passed",
              "speed": "slow",
              "pass": true,
              "fail": false,
              "pending": false,
              "context": null,
              "code": "indexPage.viewRooms('Rooms');\nroomsPage.verifyEditLastRoom('Room:');\nroomEditPage.editRoom('1230', '12', 'Rooms');\nroomsPage.verifyLastRoom('twin', '1230', '12', '4000', 'balcony');",
              "err": {},
              "uuid": "00e4c1c4-159f-442f-b600-9fa9f4b6316e",
              "parentUUID": "c1b36cf2-c62d-4d48-ae4e-80df73f3e990",
              "isHook": false,
              "skipped": false
            },
            {
              "title": "Delete the last room (TC10)",
              "fullTitle": "Testsuite with Page-Objet Delete the last room (TC10)",
              "timedOut": null,
              "duration": 2311,
              "state": "passed",
              "speed": "slow",
              "pass": true,
              "fail": false,
              "pending": false,
              "context": null,
              "code": "indexPage.viewRooms('Rooms');\nroomsPage.deleteLastRoom('Rooms');",
              "err": {},
              "uuid": "16f1f566-b4e8-4914-82a4-68337b963d74",
              "parentUUID": "c1b36cf2-c62d-4d48-ae4e-80df73f3e990",
              "isHook": false,
              "skipped": false
            },
            {
              "title": "Client registration (TC2) with faker",
              "fullTitle": "Testsuite with Page-Objet Client registration (TC2) with faker",
              "timedOut": null,
              "duration": 3295,
              "state": "passed",
              "speed": "slow",
              "pass": true,
              "fail": false,
              "pending": false,
              "context": null,
              "code": "indexPage.viewClients('Clients');\nclientsPage.viewClientNew('New Client');\nclientNewPage.createClient(randomName, randomMail, randomPhone, 'Clients');\nclientsPage.verifyLastClient(randomName, randomMail, randomPhone);",
              "err": {},
              "uuid": "34aafd81-88f7-445f-9fcc-2136d72746ce",
              "parentUUID": "c1b36cf2-c62d-4d48-ae4e-80df73f3e990",
              "isHook": false,
              "skipped": false
            },
            {
              "title": "Edit the last Client (TC3) with faker",
              "fullTitle": "Testsuite with Page-Objet Edit the last Client (TC3) with faker",
              "timedOut": null,
              "duration": 2841,
              "state": "passed",
              "speed": "slow",
              "pass": true,
              "fail": false,
              "pending": false,
              "context": null,
              "code": "indexPage.viewClients('Clients');\nclientsPage.verifyEditLastClient('Client:');\nclientEditPage.editClient(randomMail, 'Clients');\nclientsPage.verifyLastClient(randomName, randomMail, randomPhone);",
              "err": {},
              "uuid": "0fa78a20-8c53-4981-a5d0-37d099faae21",
              "parentUUID": "c1b36cf2-c62d-4d48-ae4e-80df73f3e990",
              "isHook": false,
              "skipped": false
            },
            {
              "title": "Create a bill (TC5) with faker",
              "fullTitle": "Testsuite with Page-Objet Create a bill (TC5) with faker",
              "timedOut": null,
              "duration": 2540,
              "state": "passed",
              "speed": "slow",
              "pass": true,
              "fail": false,
              "pending": false,
              "context": null,
              "code": "indexPage.viewBills('Bills');\nbillsPage.viewBillNew('New Bill');\nbillsNewPage.createBill(randomValue, 'Bills');\nbillsPage.verifyLastBill(randomValue);",
              "err": {},
              "uuid": "960dfed4-820e-4515-aa89-19ce05984756",
              "parentUUID": "c1b36cf2-c62d-4d48-ae4e-80df73f3e990",
              "isHook": false,
              "skipped": false
            },
            {
              "title": "Edit the last bill (TC6) with faker",
              "fullTitle": "Testsuite with Page-Objet Edit the last bill (TC6) with faker",
              "timedOut": null,
              "duration": 2779,
              "state": "passed",
              "speed": "slow",
              "pass": true,
              "fail": false,
              "pending": false,
              "context": null,
              "code": "indexPage.viewBills('Bills');\nbillsPage.verifyEditLastBill('Bill:');\nbillsEditPage.editLastBill(randomValue, 'Bills');\nbillsPage.verifyLastBill(randomValue);",
              "err": {},
              "uuid": "e02588e4-5608-4a76-bd92-d44ad0aca4fa",
              "parentUUID": "c1b36cf2-c62d-4d48-ae4e-80df73f3e990",
              "isHook": false,
              "skipped": false
            }
          ],
          "suites": [],
          "passes": [
            "cc8dd587-9b37-4690-8f00-05ae90221331",
            "4702875d-6975-4720-9cea-25bd0f256d20",
            "0dac02c5-cbc6-4fb4-a9f8-965392a32f91",
            "8a9438cd-0415-4e93-b9c8-925dc8dfe42c",
            "5c2e0f61-945a-4444-a5f4-4ec81624a749",
            "939aacff-28eb-4079-ad6b-5063625990eb",
            "8a32e929-fbf1-4bf1-a8b8-a23cb7b17594",
            "00e4c1c4-159f-442f-b600-9fa9f4b6316e",
            "16f1f566-b4e8-4914-82a4-68337b963d74",
            "34aafd81-88f7-445f-9fcc-2136d72746ce",
            "0fa78a20-8c53-4981-a5d0-37d099faae21",
            "960dfed4-820e-4515-aa89-19ce05984756",
            "e02588e4-5608-4a76-bd92-d44ad0aca4fa"
          ],
          "failures": [],
          "pending": [],
          "skipped": [],
          "duration": 35562,
          "root": false,
          "rootEmpty": false,
          "_timeout": 2000
        }
      ],
      "passes": [],
      "failures": [],
      "pending": [],
      "skipped": [],
      "duration": 0,
      "root": true,
      "rootEmpty": true,
      "_timeout": 2000
    }
  ],
  "meta": {
    "mocha": {
      "version": "7.0.1"
    },
    "mochawesome": {
      "options": {
        "quiet": false,
        "reportFilename": "mochawesome",
        "saveHtml": true,
        "saveJson": true,
        "consoleReporter": "spec",
        "useInlineDiffs": false,
        "code": true
      },
      "version": "6.2.2"
    },
    "marge": {
      "options": {
        "reportDir": "cypress/report/m-report",
        "overwrite": false,
        "html": true,
        "json": true,
        "timestamp": "yyyy/mm/dd_HHMMss"
      },
      "version": "5.2.0"
    }
  }
}