{
  "stats": {
    "suites": 1,
    "tests": 4,
    "passes": 4,
    "pending": 0,
    "failures": 0,
    "start": "2021-04-28T19:28:27.279Z",
    "end": "2021-04-28T19:29:03.055Z",
    "duration": 35776,
    "testsRegistered": 4,
    "passPercent": 100,
    "pendingPercent": 0,
    "other": 0,
    "hasOther": false,
    "skipped": 0,
    "hasSkipped": false
  },
  "results": [
    {
      "uuid": "8db9ac56-5f9c-40d6-ac99-e074e25a5222",
      "title": "",
      "fullFile": "cypress/integration/testsuite.spec.js",
      "file": "cypress/integration/testsuite.spec.js",
      "beforeHooks": [],
      "afterHooks": [],
      "tests": [],
      "suites": [
        {
          "uuid": "b6a69f38-3152-465b-8c98-cf13720758a8",
          "title": "Testsuite with Page-Objet",
          "fullFile": "",
          "file": "",
          "beforeHooks": [],
          "afterHooks": [],
          "tests": [
            {
              "title": "Client registration (TC2)",
              "fullTitle": "Testsuite with Page-Objet Client registration (TC2)",
              "timedOut": null,
              "duration": 10358,
              "state": "passed",
              "speed": "slow",
              "pass": true,
              "fail": false,
              "pending": false,
              "context": null,
              "code": "indexPage.viewClients('Clients');\nclientsPage.viewClientNew('New Client');\ncy.wait(1000);\nclientNewPage.createClient('Pina Colada', 'pinacolada@gmail.com', '0701233234', 'Clients');\ncy.wait(1000);\ncy.percySnapshot('New client');\ncy.wait(1000);\nclientsPage.verifyLastClient('Pina Colada', 'pinacolada@gmail.com', '0701233234');",
              "err": {},
              "uuid": "629da4d3-58aa-45d5-901c-19e35b81956f",
              "parentUUID": "b6a69f38-3152-465b-8c98-cf13720758a8",
              "isHook": false,
              "skipped": false
            },
            {
              "title": "Edit the last Client (TC3)",
              "fullTitle": "Testsuite with Page-Objet Edit the last Client (TC3)",
              "timedOut": null,
              "duration": 7626,
              "state": "passed",
              "speed": "slow",
              "pass": true,
              "fail": false,
              "pending": false,
              "context": null,
              "code": "indexPage.viewClients('Clients');\nclientsPage.verifyEditLastClient('Client:');\nclientEditPage.editClient('pinacolada@yahoo.se', 'Clients');\nclientsPage.verifyLastClient('Pina Colada', 'pinacolada@yahoo.se', '0701233234');\ncy.wait(1000);\ncy.percySnapshot('Edit client');\ncy.wait(1000);",
              "err": {},
              "uuid": "970afe65-9b6e-4114-b718-8ed08526ae08",
              "parentUUID": "b6a69f38-3152-465b-8c98-cf13720758a8",
              "isHook": false,
              "skipped": false
            },
            {
              "title": "Delete the last Client (TC4)",
              "fullTitle": "Testsuite with Page-Objet Delete the last Client (TC4)",
              "timedOut": null,
              "duration": 8044,
              "state": "passed",
              "speed": "slow",
              "pass": true,
              "fail": false,
              "pending": false,
              "context": null,
              "code": "indexPage.viewClients('Clients');\ncy.percySnapshot('Delete client');\ncy.wait(1000);\nclientsPage.deleteLastClient('Clients');\ncy.wait(1000);\ncy.percySnapshot('Delete client confermation');\ncy.wait(1000);",
              "err": {},
              "uuid": "8fca8844-59e6-46bc-bb81-f4de03893e59",
              "parentUUID": "b6a69f38-3152-465b-8c98-cf13720758a8",
              "isHook": false,
              "skipped": false
            },
            {
              "title": "Create a bill (TC5)",
              "fullTitle": "Testsuite with Page-Objet Create a bill (TC5)",
              "timedOut": null,
              "duration": 7368,
              "state": "passed",
              "speed": "slow",
              "pass": true,
              "fail": false,
              "pending": false,
              "context": null,
              "code": "indexPage.viewBills('Bills');\ncy.percySnapshot('Creating new a bill');\ncy.wait(1000);\nbillsPage.viewBillNew('New Bill');\nbillsNewPage.createBill('5000', 'Bills');\ncy.percySnapshot('Creating a bill');\ncy.wait(1000);\nbillsPage.verifyLastBill('5000');",
              "err": {},
              "uuid": "d446f910-a196-42d2-b9f1-9be09e83a739",
              "parentUUID": "b6a69f38-3152-465b-8c98-cf13720758a8",
              "isHook": false,
              "skipped": false
            }
          ],
          "suites": [],
          "passes": [
            "629da4d3-58aa-45d5-901c-19e35b81956f",
            "970afe65-9b6e-4114-b718-8ed08526ae08",
            "8fca8844-59e6-46bc-bb81-f4de03893e59",
            "d446f910-a196-42d2-b9f1-9be09e83a739"
          ],
          "failures": [],
          "pending": [],
          "skipped": [],
          "duration": 33396,
          "root": false,
          "rootEmpty": false,
          "_timeout": 2000
        }
      ],
      "passes": [],
      "failures": [],
      "pending": [],
      "skipped": [],
      "duration": 0,
      "root": true,
      "rootEmpty": true,
      "_timeout": 2000
    }
  ],
  "meta": {
    "mocha": {
      "version": "7.0.1"
    },
    "mochawesome": {
      "options": {
        "quiet": false,
        "reportFilename": "mochawesome",
        "saveHtml": true,
        "saveJson": true,
        "consoleReporter": "spec",
        "useInlineDiffs": false,
        "code": true
      },
      "version": "6.2.2"
    },
    "marge": {
      "options": {
        "reportDir": "cypress/report/m-report",
        "overwrite": false,
        "html": true,
        "json": true,
        "timestamp": "yyyy/mm/dd_HHMMss"
      },
      "version": "5.2.0"
    }
  }
}