{
  "stats": {
    "suites": 1,
    "tests": 13,
    "passes": 13,
    "pending": 0,
    "failures": 0,
    "start": "2021-04-28T18:55:14.013Z",
    "end": "2021-04-28T18:56:24.311Z",
    "duration": 70298,
    "testsRegistered": 13,
    "passPercent": 100,
    "pendingPercent": 0,
    "other": 0,
    "hasOther": false,
    "skipped": 0,
    "hasSkipped": false
  },
  "results": [
    {
      "uuid": "b3fc4b2f-7652-407d-9662-c22d48d9f6af",
      "title": "",
      "fullFile": "cypress/integration/testsuite.spec.js",
      "file": "cypress/integration/testsuite.spec.js",
      "beforeHooks": [],
      "afterHooks": [],
      "tests": [],
      "suites": [
        {
          "uuid": "1d0fe513-3603-4944-bbe7-bfec719982e5",
          "title": "Testsuite with Page-Objet",
          "fullFile": "",
          "file": "",
          "beforeHooks": [],
          "afterHooks": [],
          "tests": [
            {
              "title": "Client registration (TC2)",
              "fullTitle": "Testsuite with Page-Objet Client registration (TC2)",
              "timedOut": null,
              "duration": 7609,
              "state": "passed",
              "speed": "slow",
              "pass": true,
              "fail": false,
              "pending": false,
              "context": null,
              "code": "indexPage.viewClients('Clients');\nclientsPage.viewClientNew('New Client');\ncy.wait(500);\nclientNewPage.createClient('Pina Colada', 'pinacolada@gmail.com', '0701233234', 'Clients');\ncy.percySnapshot('New client');\ncy.wait(500);\nclientsPage.verifyLastClient('Pina Colada', 'pinacolada@gmail.com', '0701233234');",
              "err": {},
              "uuid": "b4b751ed-8cd2-4ee8-bc51-eead53e048c6",
              "parentUUID": "1d0fe513-3603-4944-bbe7-bfec719982e5",
              "isHook": false,
              "skipped": false
            },
            {
              "title": "Edit the last Client (TC3)",
              "fullTitle": "Testsuite with Page-Objet Edit the last Client (TC3)",
              "timedOut": null,
              "duration": 5696,
              "state": "passed",
              "speed": "slow",
              "pass": true,
              "fail": false,
              "pending": false,
              "context": null,
              "code": "indexPage.viewClients('Clients');\nclientsPage.verifyEditLastClient('Client:');\nclientEditPage.editClient('pinacolada@yahoo.se', 'Clients');\nclientsPage.verifyLastClient('Pina Colada', 'pinacolada@yahoo.se', '0701233234');\ncy.percySnapshot('Edit client');\ncy.wait(500);",
              "err": {},
              "uuid": "e5b1aee8-ee3c-4e78-9766-e3a9d0e32bf3",
              "parentUUID": "1d0fe513-3603-4944-bbe7-bfec719982e5",
              "isHook": false,
              "skipped": false
            },
            {
              "title": "Delete the last Client (TC4)",
              "fullTitle": "Testsuite with Page-Objet Delete the last Client (TC4)",
              "timedOut": null,
              "duration": 5632,
              "state": "passed",
              "speed": "slow",
              "pass": true,
              "fail": false,
              "pending": false,
              "context": null,
              "code": "indexPage.viewClients('Clients');\ncy.percySnapshot('Delete client');\ncy.wait(500);\nclientsPage.deleteLastClient('Clients');\ncy.percySnapshot('Delete client confermation');\ncy.wait(500);",
              "err": {},
              "uuid": "8224e1d5-daef-4be1-9e31-a4e78ea62926",
              "parentUUID": "1d0fe513-3603-4944-bbe7-bfec719982e5",
              "isHook": false,
              "skipped": false
            },
            {
              "title": "Create a bill (TC5)",
              "fullTitle": "Testsuite with Page-Objet Create a bill (TC5)",
              "timedOut": null,
              "duration": 5976,
              "state": "passed",
              "speed": "slow",
              "pass": true,
              "fail": false,
              "pending": false,
              "context": null,
              "code": "indexPage.viewBills('Bills');\ncy.percySnapshot('Creating a bill');\ncy.wait(500);\nbillsPage.viewBillNew('New Bill');\nbillsNewPage.createBill('5000', 'Bills');\ncy.percySnapshot('Creating a bill');\ncy.wait(500);\nbillsPage.verifyLastBill('5000');",
              "err": {},
              "uuid": "7224e75b-51fe-4255-b922-36a87041d263",
              "parentUUID": "1d0fe513-3603-4944-bbe7-bfec719982e5",
              "isHook": false,
              "skipped": false
            },
            {
              "title": "Edit the last bill (TC6)",
              "fullTitle": "Testsuite with Page-Objet Edit the last bill (TC6)",
              "timedOut": null,
              "duration": 4159,
              "state": "passed",
              "speed": "slow",
              "pass": true,
              "fail": false,
              "pending": false,
              "context": null,
              "code": "indexPage.viewBills('Bills');\nbillsPage.verifyEditLastBill('Bill:');\nbillsEditPage.editLastBill('4500', 'Bills');\nbillsPage.verifyLastBill('4500');",
              "err": {},
              "uuid": "c7e38dbd-a0f7-44f1-8449-f696c0c2ff52",
              "parentUUID": "1d0fe513-3603-4944-bbe7-bfec719982e5",
              "isHook": false,
              "skipped": false
            },
            {
              "title": "Delete the last bill (TC7)",
              "fullTitle": "Testsuite with Page-Objet Delete the last bill (TC7)",
              "timedOut": null,
              "duration": 3577,
              "state": "passed",
              "speed": "slow",
              "pass": true,
              "fail": false,
              "pending": false,
              "context": null,
              "code": "indexPage.viewBills('Bills');\nbillsPage.deleteLastBill('Bills');",
              "err": {},
              "uuid": "bc6c4d85-7d5e-4d01-a547-c9efcce40d88",
              "parentUUID": "1d0fe513-3603-4944-bbe7-bfec719982e5",
              "isHook": false,
              "skipped": false
            },
            {
              "title": "Create a room (TC8)",
              "fullTitle": "Testsuite with Page-Objet Create a room (TC8)",
              "timedOut": null,
              "duration": 4652,
              "state": "passed",
              "speed": "slow",
              "pass": true,
              "fail": false,
              "pending": false,
              "context": null,
              "code": "indexPage.viewRooms('Rooms');\nroomsPage.viewRoomNew('New Room');\nroomsNewPage.createRoom('Twin', '1101', '11', '4000', ['Balcony', 'Ensuite', 'Penthouse'], 'Rooms');\nroomsPage.verifyLastRoom('twin', '1101', '11', '4000', 'balcony');",
              "err": {},
              "uuid": "cc286cb2-24e2-410d-99ee-5ffff9ab5ceb",
              "parentUUID": "1d0fe513-3603-4944-bbe7-bfec719982e5",
              "isHook": false,
              "skipped": false
            },
            {
              "title": "Edit the last room (TC9)",
              "fullTitle": "Testsuite with Page-Objet Edit the last room (TC9)",
              "timedOut": null,
              "duration": 4369,
              "state": "passed",
              "speed": "slow",
              "pass": true,
              "fail": false,
              "pending": false,
              "context": null,
              "code": "indexPage.viewRooms('Rooms');\nroomsPage.verifyEditLastRoom('Room:');\nroomEditPage.editRoom('1230', '12', 'Rooms');\nroomsPage.verifyLastRoom('twin', '1230', '12', '4000', 'balcony');",
              "err": {},
              "uuid": "dcc0ce0a-a0a7-47c7-a226-25aae2e3197c",
              "parentUUID": "1d0fe513-3603-4944-bbe7-bfec719982e5",
              "isHook": false,
              "skipped": false
            },
            {
              "title": "Delete the last room (TC10)",
              "fullTitle": "Testsuite with Page-Objet Delete the last room (TC10)",
              "timedOut": null,
              "duration": 3611,
              "state": "passed",
              "speed": "slow",
              "pass": true,
              "fail": false,
              "pending": false,
              "context": null,
              "code": "indexPage.viewRooms('Rooms');\nroomsPage.deleteLastRoom('Rooms');",
              "err": {},
              "uuid": "41f71ff7-e219-4f6c-a6bc-c9cb46af34b0",
              "parentUUID": "1d0fe513-3603-4944-bbe7-bfec719982e5",
              "isHook": false,
              "skipped": false
            },
            {
              "title": "Client registration (TC2) with faker",
              "fullTitle": "Testsuite with Page-Objet Client registration (TC2) with faker",
              "timedOut": null,
              "duration": 4751,
              "state": "passed",
              "speed": "slow",
              "pass": true,
              "fail": false,
              "pending": false,
              "context": null,
              "code": "indexPage.viewClients('Clients');\nclientsPage.viewClientNew('New Client');\nclientNewPage.createClient(randomName, randomMail, randomPhone, 'Clients');\nclientsPage.verifyLastClient(randomName, randomMail, randomPhone);",
              "err": {},
              "uuid": "1a514fba-d30e-481b-ba29-6df0447ac44a",
              "parentUUID": "1d0fe513-3603-4944-bbe7-bfec719982e5",
              "isHook": false,
              "skipped": false
            },
            {
              "title": "Edit the last Client (TC3) with faker",
              "fullTitle": "Testsuite with Page-Objet Edit the last Client (TC3) with faker",
              "timedOut": null,
              "duration": 4197,
              "state": "passed",
              "speed": "slow",
              "pass": true,
              "fail": false,
              "pending": false,
              "context": null,
              "code": "indexPage.viewClients('Clients');\nclientsPage.verifyEditLastClient('Client:');\nclientEditPage.editClient(randomMail, 'Clients');\nclientsPage.verifyLastClient(randomName, randomMail, randomPhone);",
              "err": {},
              "uuid": "b69620e1-e59f-43c6-8cae-9a650ee05267",
              "parentUUID": "1d0fe513-3603-4944-bbe7-bfec719982e5",
              "isHook": false,
              "skipped": false
            },
            {
              "title": "Create a bill (TC5) with faker",
              "fullTitle": "Testsuite with Page-Objet Create a bill (TC5) with faker",
              "timedOut": null,
              "duration": 3789,
              "state": "passed",
              "speed": "slow",
              "pass": true,
              "fail": false,
              "pending": false,
              "context": null,
              "code": "indexPage.viewBills('Bills');\nbillsPage.viewBillNew('New Bill');\nbillsNewPage.createBill(randomValue, 'Bills');\nbillsPage.verifyLastBill(randomValue);",
              "err": {},
              "uuid": "9c19e316-08c2-43f0-81f6-82cbcc668778",
              "parentUUID": "1d0fe513-3603-4944-bbe7-bfec719982e5",
              "isHook": false,
              "skipped": false
            },
            {
              "title": "Edit the last bill (TC6) with faker",
              "fullTitle": "Testsuite with Page-Objet Edit the last bill (TC6) with faker",
              "timedOut": null,
              "duration": 4008,
              "state": "passed",
              "speed": "slow",
              "pass": true,
              "fail": false,
              "pending": false,
              "context": null,
              "code": "indexPage.viewBills('Bills');\nbillsPage.verifyEditLastBill('Bill:');\nbillsEditPage.editLastBill(randomValue, 'Bills');\nbillsPage.verifyLastBill(randomValue);",
              "err": {},
              "uuid": "2838df73-365c-4ede-b632-1579437725cf",
              "parentUUID": "1d0fe513-3603-4944-bbe7-bfec719982e5",
              "isHook": false,
              "skipped": false
            }
          ],
          "suites": [],
          "passes": [
            "b4b751ed-8cd2-4ee8-bc51-eead53e048c6",
            "e5b1aee8-ee3c-4e78-9766-e3a9d0e32bf3",
            "8224e1d5-daef-4be1-9e31-a4e78ea62926",
            "7224e75b-51fe-4255-b922-36a87041d263",
            "c7e38dbd-a0f7-44f1-8449-f696c0c2ff52",
            "bc6c4d85-7d5e-4d01-a547-c9efcce40d88",
            "cc286cb2-24e2-410d-99ee-5ffff9ab5ceb",
            "dcc0ce0a-a0a7-47c7-a226-25aae2e3197c",
            "41f71ff7-e219-4f6c-a6bc-c9cb46af34b0",
            "1a514fba-d30e-481b-ba29-6df0447ac44a",
            "b69620e1-e59f-43c6-8cae-9a650ee05267",
            "9c19e316-08c2-43f0-81f6-82cbcc668778",
            "2838df73-365c-4ede-b632-1579437725cf"
          ],
          "failures": [],
          "pending": [],
          "skipped": [],
          "duration": 62026,
          "root": false,
          "rootEmpty": false,
          "_timeout": 2000
        }
      ],
      "passes": [],
      "failures": [],
      "pending": [],
      "skipped": [],
      "duration": 0,
      "root": true,
      "rootEmpty": true,
      "_timeout": 2000
    }
  ],
  "meta": {
    "mocha": {
      "version": "7.0.1"
    },
    "mochawesome": {
      "options": {
        "quiet": false,
        "reportFilename": "mochawesome",
        "saveHtml": true,
        "saveJson": true,
        "consoleReporter": "spec",
        "useInlineDiffs": false,
        "code": true
      },
      "version": "6.2.2"
    },
    "marge": {
      "options": {
        "reportDir": "cypress/report/m-report",
        "overwrite": false,
        "html": true,
        "json": true,
        "timestamp": "yyyy/mm/dd_HHMMss"
      },
      "version": "5.2.0"
    }
  }
}