{
  "stats": {
    "suites": 1,
    "tests": 4,
    "passes": 3,
    "pending": 0,
    "failures": 1,
    "start": "2021-04-28T19:08:53.453Z",
    "end": "2021-04-28T19:09:25.343Z",
    "duration": 31890,
    "testsRegistered": 4,
    "passPercent": 75,
    "pendingPercent": 0,
    "other": 0,
    "hasOther": false,
    "skipped": 0,
    "hasSkipped": false
  },
  "results": [
    {
      "uuid": "6d54d0ba-78ec-4946-9a51-9212ee57e143",
      "title": "",
      "fullFile": "cypress/integration/testsuite.spec.js",
      "file": "cypress/integration/testsuite.spec.js",
      "beforeHooks": [],
      "afterHooks": [],
      "tests": [],
      "suites": [
        {
          "uuid": "06601ff6-542c-46bc-b131-f9c70444e8b3",
          "title": "Testsuite with Page-Objet",
          "fullFile": "",
          "file": "",
          "beforeHooks": [],
          "afterHooks": [],
          "tests": [
            {
              "title": "Client registration (TC2)",
              "fullTitle": "Testsuite with Page-Objet Client registration (TC2)",
              "timedOut": null,
              "duration": 9500,
              "state": "passed",
              "speed": "slow",
              "pass": true,
              "fail": false,
              "pending": false,
              "context": null,
              "code": "indexPage.viewClients('Clients');\nclientsPage.viewClientNew('New Client');\ncy.wait(1000);\nclientNewPage.createClient('Pina Colada', 'pinacolada@gmail.com', '0701233234', 'Clients');\ncy.percySnapshot('New client');\ncy.wait(1000);\nclientsPage.verifyLastClient('Pina Colada', 'pinacolada@gmail.com', '0701233234');",
              "err": {},
              "uuid": "f4b17b36-b729-4cae-86dd-5bf0f00ff724",
              "parentUUID": "06601ff6-542c-46bc-b131-f9c70444e8b3",
              "isHook": false,
              "skipped": false
            },
            {
              "title": "Edit the last Client (TC3)",
              "fullTitle": "Testsuite with Page-Objet Edit the last Client (TC3)",
              "timedOut": null,
              "duration": 6865,
              "state": "passed",
              "speed": "slow",
              "pass": true,
              "fail": false,
              "pending": false,
              "context": null,
              "code": "indexPage.viewClients('Clients');\nclientsPage.verifyEditLastClient('Client:');\nclientEditPage.editClient('pinacolada@yahoo.se', 'Clients');\nclientsPage.verifyLastClient('Pina Colada', 'pinacolada@yahoo.se', '0701233234');\ncy.percySnapshot('Edit client');\ncy.wait(1000);",
              "err": {},
              "uuid": "1f1ab5a3-2a47-41e9-b9a7-bd76cb209e35",
              "parentUUID": "06601ff6-542c-46bc-b131-f9c70444e8b3",
              "isHook": false,
              "skipped": false
            },
            {
              "title": "Delete the last Client (TC4)",
              "fullTitle": "Testsuite with Page-Objet Delete the last Client (TC4)",
              "timedOut": null,
              "duration": 4331,
              "state": "failed",
              "speed": null,
              "pass": false,
              "fail": true,
              "pending": false,
              "context": null,
              "code": "indexPage.viewClients('Clients');\ncy.percySnapshot('Delete client');\ncy.wait(1000);\nclientsPage.deleteLastClient('Clients');\ncy.percySnapshot('Delete client confermation');\nccy.wait(1000);",
              "err": {
                "message": "ReferenceError: ccy is not defined",
                "estack": "ReferenceError: ccy is not defined\n    at Context.eval (http://localhost:3000/__cypress/tests?p=cypress\\integration\\testsuite.spec.js:263:5)",
                "diff": null
              },
              "uuid": "63019a63-2b60-4640-a9b0-8b716d5471f8",
              "parentUUID": "06601ff6-542c-46bc-b131-f9c70444e8b3",
              "isHook": false,
              "skipped": false
            },
            {
              "title": "Create a bill (TC5)",
              "fullTitle": "Testsuite with Page-Objet Create a bill (TC5)",
              "timedOut": null,
              "duration": 8452,
              "state": "passed",
              "speed": "slow",
              "pass": true,
              "fail": false,
              "pending": false,
              "context": null,
              "code": "indexPage.viewBills('Bills');\ncy.percySnapshot('Creating a bill');\ncy.wait(1000);\nbillsPage.viewBillNew('New Bill');\nbillsNewPage.createBill('5000', 'Bills');\ncy.percySnapshot('Creating a bill');\ncy.wait(1000);\nbillsPage.verifyLastBill('5000');",
              "err": {},
              "uuid": "f8b0ff52-18e2-4bb5-8efc-fb29fe3ef607",
              "parentUUID": "06601ff6-542c-46bc-b131-f9c70444e8b3",
              "isHook": false,
              "skipped": false
            }
          ],
          "suites": [],
          "passes": [
            "f4b17b36-b729-4cae-86dd-5bf0f00ff724",
            "1f1ab5a3-2a47-41e9-b9a7-bd76cb209e35",
            "f8b0ff52-18e2-4bb5-8efc-fb29fe3ef607"
          ],
          "failures": [
            "63019a63-2b60-4640-a9b0-8b716d5471f8"
          ],
          "pending": [],
          "skipped": [],
          "duration": 29148,
          "root": false,
          "rootEmpty": false,
          "_timeout": 2000
        }
      ],
      "passes": [],
      "failures": [],
      "pending": [],
      "skipped": [],
      "duration": 0,
      "root": true,
      "rootEmpty": true,
      "_timeout": 2000
    }
  ],
  "meta": {
    "mocha": {
      "version": "7.0.1"
    },
    "mochawesome": {
      "options": {
        "quiet": false,
        "reportFilename": "mochawesome",
        "saveHtml": true,
        "saveJson": true,
        "consoleReporter": "spec",
        "useInlineDiffs": false,
        "code": true
      },
      "version": "6.2.2"
    },
    "marge": {
      "options": {
        "reportDir": "cypress/report/m-report",
        "overwrite": false,
        "html": true,
        "json": true,
        "timestamp": "yyyy/mm/dd_HHMMss"
      },
      "version": "5.2.0"
    }
  }
}