{
  "stats": {
    "suites": 1,
    "tests": 4,
    "passes": 4,
    "pending": 0,
    "failures": 0,
    "start": "2021-04-28T19:20:11.306Z",
    "end": "2021-04-28T19:20:46.854Z",
    "duration": 35548,
    "testsRegistered": 4,
    "passPercent": 100,
    "pendingPercent": 0,
    "other": 0,
    "hasOther": false,
    "skipped": 0,
    "hasSkipped": false
  },
  "results": [
    {
      "uuid": "69133459-9049-4fc4-8416-c242847c931c",
      "title": "",
      "fullFile": "cypress/integration/testsuite.spec.js",
      "file": "cypress/integration/testsuite.spec.js",
      "beforeHooks": [],
      "afterHooks": [],
      "tests": [],
      "suites": [
        {
          "uuid": "87bd8fda-68e7-48a7-a752-258e6995529d",
          "title": "Testsuite with Page-Objet",
          "fullFile": "",
          "file": "",
          "beforeHooks": [],
          "afterHooks": [],
          "tests": [
            {
              "title": "Client registration (TC2)",
              "fullTitle": "Testsuite with Page-Objet Client registration (TC2)",
              "timedOut": null,
              "duration": 10058,
              "state": "passed",
              "speed": "slow",
              "pass": true,
              "fail": false,
              "pending": false,
              "context": null,
              "code": "indexPage.viewClients('Clients');\nclientsPage.viewClientNew('New Client');\ncy.wait(1000);\nclientNewPage.createClient('Pina Colada', 'pinacolada@gmail.com', '0701233234', 'Clients');\ncy.wait(1000);\ncy.percySnapshot('New client');\ncy.wait(1000);\nclientsPage.verifyLastClient('Pina Colada', 'pinacolada@gmail.com', '0701233234');",
              "err": {},
              "uuid": "b3492708-0ce5-4afe-810b-8c73c32d7cd7",
              "parentUUID": "87bd8fda-68e7-48a7-a752-258e6995529d",
              "isHook": false,
              "skipped": false
            },
            {
              "title": "Edit the last Client (TC3)",
              "fullTitle": "Testsuite with Page-Objet Edit the last Client (TC3)",
              "timedOut": null,
              "duration": 7378,
              "state": "passed",
              "speed": "slow",
              "pass": true,
              "fail": false,
              "pending": false,
              "context": null,
              "code": "indexPage.viewClients('Clients');\nclientsPage.verifyEditLastClient('Client:');\nclientEditPage.editClient('pinacolada@yahoo.se', 'Clients');\nclientsPage.verifyLastClient('Pina Colada', 'pinacolada@yahoo.se', '0701233234');\ncy.wait(1000);\ncy.percySnapshot('Edit client');\ncy.wait(1000);",
              "err": {},
              "uuid": "9d9e08f5-9637-4251-b0ec-38d2c1ea40ea",
              "parentUUID": "87bd8fda-68e7-48a7-a752-258e6995529d",
              "isHook": false,
              "skipped": false
            },
            {
              "title": "Delete the last Client (TC4)",
              "fullTitle": "Testsuite with Page-Objet Delete the last Client (TC4)",
              "timedOut": null,
              "duration": 8126,
              "state": "passed",
              "speed": "slow",
              "pass": true,
              "fail": false,
              "pending": false,
              "context": null,
              "code": "indexPage.viewClients('Clients');\ncy.percySnapshot('Delete client');\ncy.wait(1000);\nclientsPage.deleteLastClient('Clients');\ncy.wait(1000);\ncy.percySnapshot('Delete client confermation');\ncy.wait(1000);",
              "err": {},
              "uuid": "07d082e8-a50b-4d05-9f8a-9cd730454b1a",
              "parentUUID": "87bd8fda-68e7-48a7-a752-258e6995529d",
              "isHook": false,
              "skipped": false
            },
            {
              "title": "Create a bill (TC5)",
              "fullTitle": "Testsuite with Page-Objet Create a bill (TC5)",
              "timedOut": null,
              "duration": 7560,
              "state": "passed",
              "speed": "slow",
              "pass": true,
              "fail": false,
              "pending": false,
              "context": null,
              "code": "indexPage.viewBills('Bills');\ncy.percySnapshot('Creating a bill');\ncy.wait(1000);\nbillsPage.viewBillNew('New Bill');\nbillsNewPage.createBill('5000', 'Bills');\ncy.percySnapshot('Creating a bill');\ncy.wait(1000);\nbillsPage.verifyLastBill('5000');",
              "err": {},
              "uuid": "b2ea7f38-9b84-4ed2-9dd2-975fd9467ec1",
              "parentUUID": "87bd8fda-68e7-48a7-a752-258e6995529d",
              "isHook": false,
              "skipped": false
            }
          ],
          "suites": [],
          "passes": [
            "b3492708-0ce5-4afe-810b-8c73c32d7cd7",
            "9d9e08f5-9637-4251-b0ec-38d2c1ea40ea",
            "07d082e8-a50b-4d05-9f8a-9cd730454b1a",
            "b2ea7f38-9b84-4ed2-9dd2-975fd9467ec1"
          ],
          "failures": [],
          "pending": [],
          "skipped": [],
          "duration": 33122,
          "root": false,
          "rootEmpty": false,
          "_timeout": 2000
        }
      ],
      "passes": [],
      "failures": [],
      "pending": [],
      "skipped": [],
      "duration": 0,
      "root": true,
      "rootEmpty": true,
      "_timeout": 2000
    }
  ],
  "meta": {
    "mocha": {
      "version": "7.0.1"
    },
    "mochawesome": {
      "options": {
        "quiet": false,
        "reportFilename": "mochawesome",
        "saveHtml": true,
        "saveJson": true,
        "consoleReporter": "spec",
        "useInlineDiffs": false,
        "code": true
      },
      "version": "6.2.2"
    },
    "marge": {
      "options": {
        "reportDir": "cypress/report/m-report",
        "overwrite": false,
        "html": true,
        "json": true,
        "timestamp": "yyyy/mm/dd_HHMMss"
      },
      "version": "5.2.0"
    }
  }
}