{
  "stats": {
    "suites": 1,
    "tests": 13,
    "passes": 13,
    "pending": 0,
    "failures": 0,
    "start": "2021-04-28T20:02:02.514Z",
    "end": "2021-04-28T20:03:57.169Z",
    "duration": 114655,
    "testsRegistered": 13,
    "passPercent": 100,
    "pendingPercent": 0,
    "other": 0,
    "hasOther": false,
    "skipped": 0,
    "hasSkipped": false
  },
  "results": [
    {
      "uuid": "0fb4598a-2c93-4e02-b6f0-8b9fc7f86b47",
      "title": "",
      "fullFile": "cypress/integration/testsuite.spec.js",
      "file": "cypress/integration/testsuite.spec.js",
      "beforeHooks": [],
      "afterHooks": [],
      "tests": [],
      "suites": [
        {
          "uuid": "e773f597-41c0-449e-8982-d2111e46e174",
          "title": "Testsuite ",
          "fullFile": "",
          "file": "",
          "beforeHooks": [],
          "afterHooks": [],
          "tests": [
            {
              "title": "Client registration (TC2)",
              "fullTitle": "Testsuite  Client registration (TC2)",
              "timedOut": null,
              "duration": 9319,
              "state": "passed",
              "speed": "slow",
              "pass": true,
              "fail": false,
              "pending": false,
              "context": null,
              "code": "indexPage.viewClients('Clients');\nclientsPage.viewClientNew('New Client');\nclientNewPage.createClient('Pina Colada', 'pinacolada@gmail.com', '0701233234', 'Clients');\ncy.wait(1000);\ncy.percySnapshot('New client');\ncy.wait(1000);\nclientsPage.verifyLastClient('Pina Colada', 'pinacolada@gmail.com', '0701233234');",
              "err": {},
              "uuid": "8f770b36-6edd-4058-a561-3c5cfb971fc0",
              "parentUUID": "e773f597-41c0-449e-8982-d2111e46e174",
              "isHook": false,
              "skipped": false
            },
            {
              "title": "Edit the last Client (TC3)",
              "fullTitle": "Testsuite  Edit the last Client (TC3)",
              "timedOut": null,
              "duration": 7448,
              "state": "passed",
              "speed": "slow",
              "pass": true,
              "fail": false,
              "pending": false,
              "context": null,
              "code": "indexPage.viewClients('Clients');\nclientsPage.verifyEditLastClient('Client:');\nclientEditPage.editClient('pinacolada@yahoo.se', 'Clients');\nclientsPage.verifyLastClient('Pina Colada', 'pinacolada@yahoo.se', '0701233234');\ncy.wait(1000);\ncy.percySnapshot('Edit client');\ncy.wait(1000);",
              "err": {},
              "uuid": "628e3233-5e1d-4062-9bf1-0f44dcc54527",
              "parentUUID": "e773f597-41c0-449e-8982-d2111e46e174",
              "isHook": false,
              "skipped": false
            },
            {
              "title": "Delete the last Client (TC4)",
              "fullTitle": "Testsuite  Delete the last Client (TC4)",
              "timedOut": null,
              "duration": 8043,
              "state": "passed",
              "speed": "slow",
              "pass": true,
              "fail": false,
              "pending": false,
              "context": null,
              "code": "indexPage.viewClients('Clients');\ncy.percySnapshot('Delete client');\ncy.wait(1000);\nclientsPage.deleteLastClient('Clients');\ncy.wait(1000);\ncy.percySnapshot('Delete client confermation');\ncy.wait(1000);",
              "err": {},
              "uuid": "15d4f3c7-c757-4d0b-8cbc-8622f5861e43",
              "parentUUID": "e773f597-41c0-449e-8982-d2111e46e174",
              "isHook": false,
              "skipped": false
            },
            {
              "title": "Create a bill (TC5)",
              "fullTitle": "Testsuite  Create a bill (TC5)",
              "timedOut": null,
              "duration": 7001,
              "state": "passed",
              "speed": "slow",
              "pass": true,
              "fail": false,
              "pending": false,
              "context": null,
              "code": "indexPage.viewBills('Bills');\nbillsPage.viewBillNew('New Bill');\nbillsNewPage.createBill('5000', 'Bills');\ncy.wait(1000);\ncy.percySnapshot('Creating a bill');\ncy.wait(1000);\nbillsPage.verifyLastBill('5000');",
              "err": {},
              "uuid": "d72e7e24-e429-42d9-8048-20978b836ca0",
              "parentUUID": "e773f597-41c0-449e-8982-d2111e46e174",
              "isHook": false,
              "skipped": false
            },
            {
              "title": "Edit the last bill (TC6)",
              "fullTitle": "Testsuite  Edit the last bill (TC6)",
              "timedOut": null,
              "duration": 9604,
              "state": "passed",
              "speed": "slow",
              "pass": true,
              "fail": false,
              "pending": false,
              "context": null,
              "code": "indexPage.viewBills('Bills');\nbillsPage.verifyEditLastBill('Bill:');\ncy.wait(1000);\ncy.percySnapshot('Edit a bill');\ncy.wait(1000);\nbillsEditPage.editLastBill('4500', 'Bills');\ncy.wait(1000);\ncy.percySnapshot('Verify edit a bill');\ncy.wait(1000);\nbillsPage.verifyLastBill('4500');",
              "err": {},
              "uuid": "5df0ad53-f959-4cc4-bed9-661f7ae257db",
              "parentUUID": "e773f597-41c0-449e-8982-d2111e46e174",
              "isHook": false,
              "skipped": false
            },
            {
              "title": "Delete the last bill (TC7)",
              "fullTitle": "Testsuite  Delete the last bill (TC7)",
              "timedOut": null,
              "duration": 9132,
              "state": "passed",
              "speed": "slow",
              "pass": true,
              "fail": false,
              "pending": false,
              "context": null,
              "code": "indexPage.viewBills('Bills');\ncy.wait(1000);\ncy.percySnapshot('Delete a bill');\ncy.wait(1000);\nbillsPage.deleteLastBill('Bills');\ncy.wait(1000);\ncy.percySnapshot('Verify delete a bill');\ncy.wait(1000);",
              "err": {},
              "uuid": "f810c8ba-671a-4878-9deb-c19b98dafb07",
              "parentUUID": "e773f597-41c0-449e-8982-d2111e46e174",
              "isHook": false,
              "skipped": false
            },
            {
              "title": "Create a room (TC8)",
              "fullTitle": "Testsuite  Create a room (TC8)",
              "timedOut": null,
              "duration": 10399,
              "state": "passed",
              "speed": "slow",
              "pass": true,
              "fail": false,
              "pending": false,
              "context": null,
              "code": "indexPage.viewRooms('Rooms');\nroomsPage.viewRoomNew('New Room');\ncy.wait(1000);\ncy.percySnapshot('Create a room');\ncy.wait(1000);\nroomsNewPage.createRoom('Twin', '1101', '11', '4000', ['Balcony', 'Ensuite', 'Penthouse'], 'Rooms');\ncy.wait(1000);\ncy.percySnapshot('Verify create a room');\ncy.wait(1000);\nroomsPage.verifyLastRoom('twin', '1101', '11', '4000', 'balcony');",
              "err": {},
              "uuid": "91535d96-a208-4ddb-b466-d43dca863e5e",
              "parentUUID": "e773f597-41c0-449e-8982-d2111e46e174",
              "isHook": false,
              "skipped": false
            },
            {
              "title": "Edit the last room (TC9)",
              "fullTitle": "Testsuite  Edit the last room (TC9)",
              "timedOut": null,
              "duration": 9832,
              "state": "passed",
              "speed": "slow",
              "pass": true,
              "fail": false,
              "pending": false,
              "context": null,
              "code": "indexPage.viewRooms('Rooms');\nroomsPage.verifyEditLastRoom('Room:');\nroomEditPage.editRoom('1230', '12', 'Rooms');\ncy.wait(1000);\ncy.percySnapshot('Edit a room');\ncy.wait(1000);\nroomsPage.verifyLastRoom('twin', '1230', '12', '4000', 'balcony');\ncy.wait(1000);\ncy.percySnapshot('Verify edit a room');\ncy.wait(1000);",
              "err": {},
              "uuid": "79f53fc2-d4d5-4e6b-94e5-6304ae9b5e5f",
              "parentUUID": "e773f597-41c0-449e-8982-d2111e46e174",
              "isHook": false,
              "skipped": false
            },
            {
              "title": "Delete the last room (TC10)",
              "fullTitle": "Testsuite  Delete the last room (TC10)",
              "timedOut": null,
              "duration": 6545,
              "state": "passed",
              "speed": "slow",
              "pass": true,
              "fail": false,
              "pending": false,
              "context": null,
              "code": "indexPage.viewRooms('Rooms');\nroomsPage.deleteLastRoom('Rooms');\ncy.wait(1000);\ncy.percySnapshot('Delete a room');\ncy.wait(1000);",
              "err": {},
              "uuid": "d67bc62d-d357-4bc0-a80b-14bf6ab5c258",
              "parentUUID": "e773f597-41c0-449e-8982-d2111e46e174",
              "isHook": false,
              "skipped": false
            },
            {
              "title": "Client registration (TC2) with faker",
              "fullTitle": "Testsuite  Client registration (TC2) with faker",
              "timedOut": null,
              "duration": 8122,
              "state": "passed",
              "speed": "slow",
              "pass": true,
              "fail": false,
              "pending": false,
              "context": null,
              "code": "indexPage.viewClients('Clients');\nclientsPage.viewClientNew('New Client');\nclientNewPage.createClient(randomName, randomMail, randomPhone, 'Clients');\ncy.wait(1000);\ncy.percySnapshot('New client faker');\ncy.wait(1000);\nclientsPage.verifyLastClient(randomName, randomMail, randomPhone);",
              "err": {},
              "uuid": "4b9ea76e-5129-4b5b-9496-3c33ff433a20",
              "parentUUID": "e773f597-41c0-449e-8982-d2111e46e174",
              "isHook": false,
              "skipped": false
            },
            {
              "title": "Edit the last Client (TC3) with faker",
              "fullTitle": "Testsuite  Edit the last Client (TC3) with faker",
              "timedOut": null,
              "duration": 7347,
              "state": "passed",
              "speed": "slow",
              "pass": true,
              "fail": false,
              "pending": false,
              "context": null,
              "code": "indexPage.viewClients('Clients');\nclientsPage.verifyEditLastClient('Client:');\nclientEditPage.editClient(randomMail, 'Clients');\ncy.wait(1000);\ncy.percySnapshot('Edit client faker');\ncy.wait(1000);\nclientsPage.verifyLastClient(randomName, randomMail, randomPhone);",
              "err": {},
              "uuid": "d1fcb74e-e4a8-4422-b4cc-a8e830a8c789",
              "parentUUID": "e773f597-41c0-449e-8982-d2111e46e174",
              "isHook": false,
              "skipped": false
            },
            {
              "title": "Create a bill (TC5) with faker",
              "fullTitle": "Testsuite  Create a bill (TC5) with faker",
              "timedOut": null,
              "duration": 6952,
              "state": "passed",
              "speed": "slow",
              "pass": true,
              "fail": false,
              "pending": false,
              "context": null,
              "code": "indexPage.viewBills('Bills');\nbillsPage.viewBillNew('New Bill');\nbillsNewPage.createBill(randomValue, 'Bills');\ncy.wait(1000);\ncy.percySnapshot('Creating a bill with faker');\ncy.wait(1000);\nbillsPage.verifyLastBill(randomValue);",
              "err": {},
              "uuid": "bd1ade44-721e-45d5-a9e4-58759fce9680",
              "parentUUID": "e773f597-41c0-449e-8982-d2111e46e174",
              "isHook": false,
              "skipped": false
            },
            {
              "title": "Edit the last bill (TC6) with faker",
              "fullTitle": "Testsuite  Edit the last bill (TC6) with faker",
              "timedOut": null,
              "duration": 7115,
              "state": "passed",
              "speed": "slow",
              "pass": true,
              "fail": false,
              "pending": false,
              "context": null,
              "code": "indexPage.viewBills('Bills');\nbillsPage.verifyEditLastBill('Bill:');\nbillsEditPage.editLastBill(randomValue, 'Bills');\ncy.wait(1000);\ncy.percySnapshot('Edit a bill with faker');\ncy.wait(1000);\nbillsPage.verifyLastBill(randomValue);",
              "err": {},
              "uuid": "c80db1e3-118b-4efd-b097-02b3cd1dfaad",
              "parentUUID": "e773f597-41c0-449e-8982-d2111e46e174",
              "isHook": false,
              "skipped": false
            }
          ],
          "suites": [],
          "passes": [
            "8f770b36-6edd-4058-a561-3c5cfb971fc0",
            "628e3233-5e1d-4062-9bf1-0f44dcc54527",
            "15d4f3c7-c757-4d0b-8cbc-8622f5861e43",
            "d72e7e24-e429-42d9-8048-20978b836ca0",
            "5df0ad53-f959-4cc4-bed9-661f7ae257db",
            "f810c8ba-671a-4878-9deb-c19b98dafb07",
            "91535d96-a208-4ddb-b466-d43dca863e5e",
            "79f53fc2-d4d5-4e6b-94e5-6304ae9b5e5f",
            "d67bc62d-d357-4bc0-a80b-14bf6ab5c258",
            "4b9ea76e-5129-4b5b-9496-3c33ff433a20",
            "d1fcb74e-e4a8-4422-b4cc-a8e830a8c789",
            "bd1ade44-721e-45d5-a9e4-58759fce9680",
            "c80db1e3-118b-4efd-b097-02b3cd1dfaad"
          ],
          "failures": [],
          "pending": [],
          "skipped": [],
          "duration": 106859,
          "root": false,
          "rootEmpty": false,
          "_timeout": 2000
        }
      ],
      "passes": [],
      "failures": [],
      "pending": [],
      "skipped": [],
      "duration": 0,
      "root": true,
      "rootEmpty": true,
      "_timeout": 2000
    }
  ],
  "meta": {
    "mocha": {
      "version": "7.0.1"
    },
    "mochawesome": {
      "options": {
        "quiet": false,
        "reportFilename": "mochawesome",
        "saveHtml": true,
        "saveJson": true,
        "consoleReporter": "spec",
        "useInlineDiffs": false,
        "code": true
      },
      "version": "6.2.2"
    },
    "marge": {
      "options": {
        "reportDir": "cypress/report/m-report",
        "overwrite": false,
        "html": true,
        "json": true,
        "timestamp": "yyyy/mm/dd_HHMMss"
      },
      "version": "5.2.0"
    }
  }
}